12:06:54 INFO  : Registering command handlers for SDK TCF services
12:06:55 INFO  : Launching XSCT server: xsct.bat -interactive C:\Users\Administrator\Documents\project_10blaze\project_10blaze.sdk\temp_xsdb_launch_script.tcl
12:06:58 INFO  : XSCT server has started successfully.
12:06:58 INFO  : Successfully done setting XSCT server connection channel  
12:07:00 INFO  : Successfully done setting SDK workspace  
12:07:00 INFO  : Processing command line option -hwspec C:/Users/Administrator/Documents/project_10blaze/project_10blaze.sdk/microblazeblock_wrapper.hdf.
12:09:25 INFO  : Launching XSCT server: xsct.bat -interactive C:\Users\Administrator\Documents\project_10blaze\project_10blaze.sdk\temp_xsdb_launch_script.tcl
12:09:27 INFO  : XSCT server has started successfully.
12:09:27 INFO  : Successfully done setting XSCT server connection channel  
12:09:28 INFO  : Successfully done setting SDK workspace  
12:09:30 INFO  : Registering command handlers for SDK TCF services
12:09:30 INFO  : Processing command line option -hwspec C:/Users/Administrator/Documents/project_10blaze/project_10blaze.sdk/microblazeblock_wrapper.hdf.
12:09:31 INFO  : Checking for hwspec changes in the project microblazeblock_wrapper_hw_platform_0.
12:17:27 INFO  : Connected to target on host '127.0.0.1' and port '3121'.
12:17:27 INFO  : 'targets -set -filter {jtag_cable_name =~ "Digilent Nexys A7 -50T 210292B57897A" && level==0} -index 0' command is executed.
12:17:27 ERROR : bitstream is not compatible with the target
10:01:30 INFO  : Registering command handlers for SDK TCF services
10:01:31 INFO  : Launching XSCT server: xsct.bat -interactive C:\Users\Administrator\Documents\project_10blaze\project_10blaze.sdk\temp_xsdb_launch_script.tcl
10:01:34 INFO  : XSCT server has started successfully.
10:01:34 INFO  : Successfully done setting XSCT server connection channel  
10:01:37 INFO  : Successfully done setting SDK workspace  
10:01:37 INFO  : Processing command line option -hwspec C:/Users/Administrator/Documents/project_10blaze/project_10blaze.sdk/microblazeblock_wrapper.hdf.
10:01:37 INFO  : Checking for hwspec changes in the project microblazeblock_wrapper_hw_platform_0.
10:03:36 INFO  : Connected to target on host '127.0.0.1' and port '3121'.
10:03:37 INFO  : 'targets -set -filter {jtag_cable_name =~ "Digilent Nexys A7 -100T 210292B17C6DA" && level==0} -index 0' command is executed.
10:03:39 INFO  : FPGA configured successfully with bitstream "C:/Users/Administrator/Documents/project_10blaze/project_10blaze.sdk/microblazeblock_wrapper_hw_platform_0/download.bit"
10:03:51 INFO  : 'targets -set -filter {jtag_cable_name =~ "Digilent Nexys A7 -100T 210292B17C6DA" && level==0} -index 0' command is executed.
10:03:51 INFO  : 'fpga -state' command is executed.
10:03:51 INFO  : Connected to target on host '127.0.0.1' and port '3121'.
10:03:51 INFO  : Jtag cable 'Digilent Nexys A7 -100T 210292B17C6DA' is selected.
10:03:51 INFO  : 'jtag frequency' command is executed.
10:03:51 INFO  : 'configparams mdm-detect-bscan-mask 2' command is executed.
10:03:51 INFO  : Context for processor 'microblaze_0' is selected.
10:03:51 INFO  : Processor reset is completed for 'microblaze_0'.
10:03:52 INFO  : Context for processor 'microblaze_0' is selected.
10:03:52 INFO  : The application 'C:/Users/Administrator/Documents/project_10blaze/project_10blaze.sdk/microblazehello/Debug/microblazehello.elf' is downloaded to processor 'microblaze_0'.
10:03:52 INFO  : ----------------XSDB Script----------------
connect -url tcp:127.0.0.1:3121
configparams mdm-detect-bscan-mask 2
targets -set -nocase -filter {name =~ "microblaze*#0" && bscan=="USER2"  && jtag_cable_name =~ "Digilent Nexys A7 -100T 210292B17C6DA"} -index 0
rst -processor
targets -set -nocase -filter {name =~ "microblaze*#0" && bscan=="USER2"  && jtag_cable_name =~ "Digilent Nexys A7 -100T 210292B17C6DA"} -index 0
dow C:/Users/Administrator/Documents/project_10blaze/project_10blaze.sdk/microblazehello/Debug/microblazehello.elf
----------------End of Script----------------

10:03:52 INFO  : Context for processor 'microblaze_0' is selected.
10:03:52 INFO  : 'con' command is executed.
10:03:52 INFO  : ----------------XSDB Script (After Launch)----------------
targets -set -nocase -filter {name =~ "microblaze*#0" && bscan=="USER2"  && jtag_cable_name =~ "Digilent Nexys A7 -100T 210292B17C6DA"} -index 0
con
----------------End of Script----------------

10:03:52 INFO  : Disconnected from the channel tcfchan#1.
10:05:12 INFO  : 'targets -set -filter {jtag_cable_name =~ "Digilent Nexys A7 -100T 210292B17C6DA" && level==0} -index 0' command is executed.
10:05:12 INFO  : 'fpga -state' command is executed.
10:05:12 INFO  : Connected to target on host '127.0.0.1' and port '3121'.
10:05:12 INFO  : Jtag cable 'Digilent Nexys A7 -100T 210292B17C6DA' is selected.
10:05:12 INFO  : 'jtag frequency' command is executed.
10:05:12 INFO  : 'configparams mdm-detect-bscan-mask 2' command is executed.
10:05:12 INFO  : Context for processor 'microblaze_0' is selected.
10:05:12 INFO  : Processor reset is completed for 'microblaze_0'.
10:05:12 INFO  : Context for processor 'microblaze_0' is selected.
10:05:12 INFO  : The application 'C:/Users/Administrator/Documents/project_10blaze/project_10blaze.sdk/microblazehello/Debug/microblazehello.elf' is downloaded to processor 'microblaze_0'.
10:05:12 INFO  : ----------------XSDB Script----------------
connect -url tcp:127.0.0.1:3121
configparams mdm-detect-bscan-mask 2
targets -set -nocase -filter {name =~ "microblaze*#0" && bscan=="USER2"  && jtag_cable_name =~ "Digilent Nexys A7 -100T 210292B17C6DA"} -index 0
rst -processor
targets -set -nocase -filter {name =~ "microblaze*#0" && bscan=="USER2"  && jtag_cable_name =~ "Digilent Nexys A7 -100T 210292B17C6DA"} -index 0
dow C:/Users/Administrator/Documents/project_10blaze/project_10blaze.sdk/microblazehello/Debug/microblazehello.elf
----------------End of Script----------------

10:05:12 INFO  : Context for processor 'microblaze_0' is selected.
10:05:12 INFO  : 'con' command is executed.
10:05:12 INFO  : ----------------XSDB Script (After Launch)----------------
targets -set -nocase -filter {name =~ "microblaze*#0" && bscan=="USER2"  && jtag_cable_name =~ "Digilent Nexys A7 -100T 210292B17C6DA"} -index 0
con
----------------End of Script----------------

10:05:12 INFO  : Disconnected from the channel tcfchan#2.
10:05:47 INFO  : 'targets -set -filter {jtag_cable_name =~ "Digilent Nexys A7 -100T 210292B17C6DA" && level==0} -index 0' command is executed.
10:05:47 INFO  : 'fpga -state' command is executed.
10:05:47 INFO  : Connected to target on host '127.0.0.1' and port '3121'.
10:05:48 INFO  : Jtag cable 'Digilent Nexys A7 -100T 210292B17C6DA' is selected.
10:05:48 INFO  : 'jtag frequency' command is executed.
10:05:48 INFO  : 'configparams mdm-detect-bscan-mask 2' command is executed.
10:05:48 INFO  : Context for processor 'microblaze_0' is selected.
10:05:48 INFO  : Processor reset is completed for 'microblaze_0'.
10:05:48 INFO  : Context for processor 'microblaze_0' is selected.
10:05:48 INFO  : The application 'C:/Users/Administrator/Documents/project_10blaze/project_10blaze.sdk/microblazehello/Debug/microblazehello.elf' is downloaded to processor 'microblaze_0'.
10:05:48 INFO  : ----------------XSDB Script----------------
connect -url tcp:127.0.0.1:3121
configparams mdm-detect-bscan-mask 2
targets -set -nocase -filter {name =~ "microblaze*#0" && bscan=="USER2"  && jtag_cable_name =~ "Digilent Nexys A7 -100T 210292B17C6DA"} -index 0
rst -processor
targets -set -nocase -filter {name =~ "microblaze*#0" && bscan=="USER2"  && jtag_cable_name =~ "Digilent Nexys A7 -100T 210292B17C6DA"} -index 0
dow C:/Users/Administrator/Documents/project_10blaze/project_10blaze.sdk/microblazehello/Debug/microblazehello.elf
----------------End of Script----------------

10:05:48 INFO  : Memory regions updated for context PA
10:05:48 INFO  : Memory regions updated for context MicroBlaze Debug Module at USER2
10:05:48 INFO  : Context for processor 'microblaze_0' is selected.
10:05:48 INFO  : 'con' command is executed.
10:05:48 INFO  : ----------------XSDB Script (After Launch)----------------
targets -set -nocase -filter {name =~ "microblaze*#0" && bscan=="USER2"  && jtag_cable_name =~ "Digilent Nexys A7 -100T 210292B17C6DA"} -index 0
con
----------------End of Script----------------

10:05:48 INFO  : Launch script is exported to file 'C:\Users\Administrator\Documents\project_10blaze\project_10blaze.sdk\.sdk\launch_scripts\xilinx_c-c++_application_(system_debugger)\system_debugger_using_debug_microblazehello.elf_on_local.tcl'
10:09:10 INFO  : Disconnected from the channel tcfchan#3.
10:09:11 INFO  : 'targets -set -filter {jtag_cable_name =~ "Digilent Nexys A7 -100T 210292B17C6DA" && level==0} -index 0' command is executed.
10:09:11 INFO  : 'fpga -state' command is executed.
10:09:11 INFO  : Connected to target on host '127.0.0.1' and port '3121'.
10:09:11 INFO  : Jtag cable 'Digilent Nexys A7 -100T 210292B17C6DA' is selected.
10:09:11 INFO  : 'jtag frequency' command is executed.
10:09:11 INFO  : 'configparams mdm-detect-bscan-mask 2' command is executed.
10:09:11 INFO  : Context for processor 'microblaze_0' is selected.
10:09:11 INFO  : Processor reset is completed for 'microblaze_0'.
10:09:11 INFO  : Context for processor 'microblaze_0' is selected.
10:09:11 INFO  : The application 'C:/Users/Administrator/Documents/project_10blaze/project_10blaze.sdk/microblazehello/Debug/microblazehello.elf' is downloaded to processor 'microblaze_0'.
10:09:11 INFO  : ----------------XSDB Script----------------
connect -url tcp:127.0.0.1:3121
configparams mdm-detect-bscan-mask 2
targets -set -nocase -filter {name =~ "microblaze*#0" && bscan=="USER2"  && jtag_cable_name =~ "Digilent Nexys A7 -100T 210292B17C6DA"} -index 0
rst -processor
targets -set -nocase -filter {name =~ "microblaze*#0" && bscan=="USER2"  && jtag_cable_name =~ "Digilent Nexys A7 -100T 210292B17C6DA"} -index 0
dow C:/Users/Administrator/Documents/project_10blaze/project_10blaze.sdk/microblazehello/Debug/microblazehello.elf
----------------End of Script----------------

10:09:11 INFO  : Memory regions updated for context PA
10:09:11 INFO  : Memory regions updated for context MicroBlaze Debug Module at USER2
10:09:11 INFO  : Context for processor 'microblaze_0' is selected.
10:09:11 INFO  : 'con' command is executed.
10:09:11 INFO  : ----------------XSDB Script (After Launch)----------------
targets -set -nocase -filter {name =~ "microblaze*#0" && bscan=="USER2"  && jtag_cable_name =~ "Digilent Nexys A7 -100T 210292B17C6DA"} -index 0
con
----------------End of Script----------------

10:09:11 INFO  : Launch script is exported to file 'C:\Users\Administrator\Documents\project_10blaze\project_10blaze.sdk\.sdk\launch_scripts\xilinx_c-c++_application_(system_debugger)\system_debugger_using_debug_microblazehello.elf_on_local.tcl'
10:09:26 INFO  : Disconnected from the channel tcfchan#4.
10:09:27 INFO  : 'targets -set -filter {jtag_cable_name =~ "Digilent Nexys A7 -100T 210292B17C6DA" && level==0} -index 0' command is executed.
10:09:27 INFO  : 'fpga -state' command is executed.
10:09:27 INFO  : Connected to target on host '127.0.0.1' and port '3121'.
10:09:27 INFO  : Jtag cable 'Digilent Nexys A7 -100T 210292B17C6DA' is selected.
10:09:27 INFO  : 'jtag frequency' command is executed.
10:09:27 INFO  : 'configparams mdm-detect-bscan-mask 2' command is executed.
10:09:27 INFO  : Context for processor 'microblaze_0' is selected.
10:09:27 INFO  : Processor reset is completed for 'microblaze_0'.
10:09:27 INFO  : Context for processor 'microblaze_0' is selected.
10:09:27 INFO  : The application 'C:/Users/Administrator/Documents/project_10blaze/project_10blaze.sdk/microblazehello/Debug/microblazehello.elf' is downloaded to processor 'microblaze_0'.
10:09:27 INFO  : ----------------XSDB Script----------------
connect -url tcp:127.0.0.1:3121
configparams mdm-detect-bscan-mask 2
targets -set -nocase -filter {name =~ "microblaze*#0" && bscan=="USER2"  && jtag_cable_name =~ "Digilent Nexys A7 -100T 210292B17C6DA"} -index 0
rst -processor
targets -set -nocase -filter {name =~ "microblaze*#0" && bscan=="USER2"  && jtag_cable_name =~ "Digilent Nexys A7 -100T 210292B17C6DA"} -index 0
dow C:/Users/Administrator/Documents/project_10blaze/project_10blaze.sdk/microblazehello/Debug/microblazehello.elf
----------------End of Script----------------

10:09:27 INFO  : Memory regions updated for context PA
10:09:27 INFO  : Memory regions updated for context MicroBlaze Debug Module at USER2
10:09:27 INFO  : Context for processor 'microblaze_0' is selected.
10:09:27 INFO  : 'con' command is executed.
10:09:27 INFO  : ----------------XSDB Script (After Launch)----------------
targets -set -nocase -filter {name =~ "microblaze*#0" && bscan=="USER2"  && jtag_cable_name =~ "Digilent Nexys A7 -100T 210292B17C6DA"} -index 0
con
----------------End of Script----------------

10:09:27 INFO  : Launch script is exported to file 'C:\Users\Administrator\Documents\project_10blaze\project_10blaze.sdk\.sdk\launch_scripts\xilinx_c-c++_application_(system_debugger)\system_debugger_using_debug_microblazehello.elf_on_local.tcl'
10:09:59 INFO  : Disconnected from the channel tcfchan#5.
10:10:00 INFO  : 'targets -set -filter {jtag_cable_name =~ "Digilent Nexys A7 -100T 210292B17C6DA" && level==0} -index 0' command is executed.
10:10:00 INFO  : 'fpga -state' command is executed.
10:10:00 INFO  : Connected to target on host '127.0.0.1' and port '3121'.
10:10:00 INFO  : Jtag cable 'Digilent Nexys A7 -100T 210292B17C6DA' is selected.
10:10:00 INFO  : 'jtag frequency' command is executed.
10:10:00 INFO  : 'configparams mdm-detect-bscan-mask 2' command is executed.
10:10:00 INFO  : Context for processor 'microblaze_0' is selected.
10:10:00 INFO  : Processor reset is completed for 'microblaze_0'.
10:10:00 INFO  : Context for processor 'microblaze_0' is selected.
10:10:00 INFO  : The application 'C:/Users/Administrator/Documents/project_10blaze/project_10blaze.sdk/microblazehello/Debug/microblazehello.elf' is downloaded to processor 'microblaze_0'.
10:10:00 INFO  : ----------------XSDB Script----------------
connect -url tcp:127.0.0.1:3121
configparams mdm-detect-bscan-mask 2
targets -set -nocase -filter {name =~ "microblaze*#0" && bscan=="USER2"  && jtag_cable_name =~ "Digilent Nexys A7 -100T 210292B17C6DA"} -index 0
rst -processor
targets -set -nocase -filter {name =~ "microblaze*#0" && bscan=="USER2"  && jtag_cable_name =~ "Digilent Nexys A7 -100T 210292B17C6DA"} -index 0
dow C:/Users/Administrator/Documents/project_10blaze/project_10blaze.sdk/microblazehello/Debug/microblazehello.elf
----------------End of Script----------------

10:10:00 INFO  : Memory regions updated for context PA
10:10:00 INFO  : Memory regions updated for context MicroBlaze Debug Module at USER2
10:10:00 INFO  : Context for processor 'microblaze_0' is selected.
10:10:00 INFO  : 'con' command is executed.
10:10:00 INFO  : ----------------XSDB Script (After Launch)----------------
targets -set -nocase -filter {name =~ "microblaze*#0" && bscan=="USER2"  && jtag_cable_name =~ "Digilent Nexys A7 -100T 210292B17C6DA"} -index 0
con
----------------End of Script----------------

10:10:00 INFO  : Launch script is exported to file 'C:\Users\Administrator\Documents\project_10blaze\project_10blaze.sdk\.sdk\launch_scripts\xilinx_c-c++_application_(system_debugger)\system_debugger_using_debug_microblazehello.elf_on_local.tcl'
10:10:39 INFO  : Disconnected from the channel tcfchan#6.
10:10:40 INFO  : 'targets -set -filter {jtag_cable_name =~ "Digilent Nexys A7 -100T 210292B17C6DA" && level==0} -index 0' command is executed.
10:10:40 INFO  : 'fpga -state' command is executed.
10:10:40 INFO  : Connected to target on host '127.0.0.1' and port '3121'.
10:10:40 INFO  : Jtag cable 'Digilent Nexys A7 -100T 210292B17C6DA' is selected.
10:10:40 INFO  : 'jtag frequency' command is executed.
10:10:40 INFO  : 'configparams mdm-detect-bscan-mask 2' command is executed.
10:10:40 INFO  : Context for processor 'microblaze_0' is selected.
10:10:40 INFO  : Processor reset is completed for 'microblaze_0'.
10:10:40 INFO  : Context for processor 'microblaze_0' is selected.
10:10:40 INFO  : The application 'C:/Users/Administrator/Documents/project_10blaze/project_10blaze.sdk/microblazehello/Debug/microblazehello.elf' is downloaded to processor 'microblaze_0'.
10:10:40 INFO  : ----------------XSDB Script----------------
connect -url tcp:127.0.0.1:3121
configparams mdm-detect-bscan-mask 2
targets -set -nocase -filter {name =~ "microblaze*#0" && bscan=="USER2"  && jtag_cable_name =~ "Digilent Nexys A7 -100T 210292B17C6DA"} -index 0
rst -processor
targets -set -nocase -filter {name =~ "microblaze*#0" && bscan=="USER2"  && jtag_cable_name =~ "Digilent Nexys A7 -100T 210292B17C6DA"} -index 0
dow C:/Users/Administrator/Documents/project_10blaze/project_10blaze.sdk/microblazehello/Debug/microblazehello.elf
----------------End of Script----------------

10:10:40 INFO  : Memory regions updated for context PA
10:10:40 INFO  : Memory regions updated for context MicroBlaze Debug Module at USER2
10:10:40 INFO  : Context for processor 'microblaze_0' is selected.
10:10:40 INFO  : 'con' command is executed.
10:10:40 INFO  : ----------------XSDB Script (After Launch)----------------
targets -set -nocase -filter {name =~ "microblaze*#0" && bscan=="USER2"  && jtag_cable_name =~ "Digilent Nexys A7 -100T 210292B17C6DA"} -index 0
con
----------------End of Script----------------

10:10:40 INFO  : Launch script is exported to file 'C:\Users\Administrator\Documents\project_10blaze\project_10blaze.sdk\.sdk\launch_scripts\xilinx_c-c++_application_(system_debugger)\system_debugger_using_debug_microblazehello.elf_on_local.tcl'
10:13:14 INFO  : Disconnected from the channel tcfchan#7.
10:13:15 INFO  : 'targets -set -filter {jtag_cable_name =~ "Digilent Nexys A7 -100T 210292B17C6DA" && level==0} -index 0' command is executed.
10:13:15 INFO  : 'fpga -state' command is executed.
10:13:15 INFO  : Connected to target on host '127.0.0.1' and port '3121'.
10:13:16 INFO  : Jtag cable 'Digilent Nexys A7 -100T 210292B17C6DA' is selected.
10:13:16 INFO  : 'jtag frequency' command is executed.
10:13:16 INFO  : 'configparams mdm-detect-bscan-mask 2' command is executed.
10:13:16 INFO  : Context for processor 'microblaze_0' is selected.
10:13:16 INFO  : Processor reset is completed for 'microblaze_0'.
10:13:16 INFO  : Context for processor 'microblaze_0' is selected.
10:13:16 INFO  : The application 'C:/Users/Administrator/Documents/project_10blaze/project_10blaze.sdk/microblazehello/Debug/microblazehello.elf' is downloaded to processor 'microblaze_0'.
10:13:16 INFO  : ----------------XSDB Script----------------
connect -url tcp:127.0.0.1:3121
configparams mdm-detect-bscan-mask 2
targets -set -nocase -filter {name =~ "microblaze*#0" && bscan=="USER2"  && jtag_cable_name =~ "Digilent Nexys A7 -100T 210292B17C6DA"} -index 0
rst -processor
targets -set -nocase -filter {name =~ "microblaze*#0" && bscan=="USER2"  && jtag_cable_name =~ "Digilent Nexys A7 -100T 210292B17C6DA"} -index 0
dow C:/Users/Administrator/Documents/project_10blaze/project_10blaze.sdk/microblazehello/Debug/microblazehello.elf
----------------End of Script----------------

10:13:16 INFO  : Memory regions updated for context PA
10:13:16 INFO  : Memory regions updated for context MicroBlaze Debug Module at USER2
10:13:16 INFO  : Context for processor 'microblaze_0' is selected.
10:13:16 INFO  : 'con' command is executed.
10:13:16 INFO  : ----------------XSDB Script (After Launch)----------------
targets -set -nocase -filter {name =~ "microblaze*#0" && bscan=="USER2"  && jtag_cable_name =~ "Digilent Nexys A7 -100T 210292B17C6DA"} -index 0
con
----------------End of Script----------------

10:13:16 INFO  : Launch script is exported to file 'C:\Users\Administrator\Documents\project_10blaze\project_10blaze.sdk\.sdk\launch_scripts\xilinx_c-c++_application_(system_debugger)\system_debugger_using_debug_microblazehello.elf_on_local.tcl'
10:14:14 INFO  : Disconnected from the channel tcfchan#8.
10:14:15 INFO  : 'targets -set -filter {jtag_cable_name =~ "Digilent Nexys A7 -100T 210292B17C6DA" && level==0} -index 0' command is executed.
10:14:15 INFO  : 'fpga -state' command is executed.
10:14:15 INFO  : Connected to target on host '127.0.0.1' and port '3121'.
10:14:15 INFO  : Jtag cable 'Digilent Nexys A7 -100T 210292B17C6DA' is selected.
10:14:15 INFO  : 'jtag frequency' command is executed.
10:14:15 INFO  : 'configparams mdm-detect-bscan-mask 2' command is executed.
10:14:15 INFO  : Context for processor 'microblaze_0' is selected.
10:14:15 INFO  : Processor reset is completed for 'microblaze_0'.
10:14:15 INFO  : Context for processor 'microblaze_0' is selected.
10:14:16 INFO  : The application 'C:/Users/Administrator/Documents/project_10blaze/project_10blaze.sdk/microblazehello/Debug/microblazehello.elf' is downloaded to processor 'microblaze_0'.
10:14:16 INFO  : ----------------XSDB Script----------------
connect -url tcp:127.0.0.1:3121
configparams mdm-detect-bscan-mask 2
targets -set -nocase -filter {name =~ "microblaze*#0" && bscan=="USER2"  && jtag_cable_name =~ "Digilent Nexys A7 -100T 210292B17C6DA"} -index 0
rst -processor
targets -set -nocase -filter {name =~ "microblaze*#0" && bscan=="USER2"  && jtag_cable_name =~ "Digilent Nexys A7 -100T 210292B17C6DA"} -index 0
dow C:/Users/Administrator/Documents/project_10blaze/project_10blaze.sdk/microblazehello/Debug/microblazehello.elf
----------------End of Script----------------

10:14:16 INFO  : Memory regions updated for context PA
10:14:16 INFO  : Memory regions updated for context MicroBlaze Debug Module at USER2
10:14:16 INFO  : Context for processor 'microblaze_0' is selected.
10:14:16 INFO  : 'con' command is executed.
10:14:16 INFO  : ----------------XSDB Script (After Launch)----------------
targets -set -nocase -filter {name =~ "microblaze*#0" && bscan=="USER2"  && jtag_cable_name =~ "Digilent Nexys A7 -100T 210292B17C6DA"} -index 0
con
----------------End of Script----------------

10:14:16 INFO  : Launch script is exported to file 'C:\Users\Administrator\Documents\project_10blaze\project_10blaze.sdk\.sdk\launch_scripts\xilinx_c-c++_application_(system_debugger)\system_debugger_using_debug_microblazehello.elf_on_local.tcl'
10:15:13 INFO  : Disconnected from the channel tcfchan#9.
10:15:14 INFO  : 'targets -set -filter {jtag_cable_name =~ "Digilent Nexys A7 -100T 210292B17C6DA" && level==0} -index 0' command is executed.
10:15:14 INFO  : 'fpga -state' command is executed.
10:15:14 INFO  : Connected to target on host '127.0.0.1' and port '3121'.
10:15:14 INFO  : Jtag cable 'Digilent Nexys A7 -100T 210292B17C6DA' is selected.
10:15:14 INFO  : 'jtag frequency' command is executed.
10:15:14 INFO  : 'configparams mdm-detect-bscan-mask 2' command is executed.
10:15:14 INFO  : Context for processor 'microblaze_0' is selected.
10:15:14 INFO  : Processor reset is completed for 'microblaze_0'.
10:15:14 INFO  : Context for processor 'microblaze_0' is selected.
10:15:14 INFO  : The application 'C:/Users/Administrator/Documents/project_10blaze/project_10blaze.sdk/microblazehello/Debug/microblazehello.elf' is downloaded to processor 'microblaze_0'.
10:15:14 INFO  : ----------------XSDB Script----------------
connect -url tcp:127.0.0.1:3121
configparams mdm-detect-bscan-mask 2
targets -set -nocase -filter {name =~ "microblaze*#0" && bscan=="USER2"  && jtag_cable_name =~ "Digilent Nexys A7 -100T 210292B17C6DA"} -index 0
rst -processor
targets -set -nocase -filter {name =~ "microblaze*#0" && bscan=="USER2"  && jtag_cable_name =~ "Digilent Nexys A7 -100T 210292B17C6DA"} -index 0
dow C:/Users/Administrator/Documents/project_10blaze/project_10blaze.sdk/microblazehello/Debug/microblazehello.elf
----------------End of Script----------------

10:15:14 INFO  : Memory regions updated for context PA
10:15:14 INFO  : Memory regions updated for context MicroBlaze Debug Module at USER2
10:15:14 INFO  : Context for processor 'microblaze_0' is selected.
10:15:14 INFO  : 'con' command is executed.
10:15:14 INFO  : ----------------XSDB Script (After Launch)----------------
targets -set -nocase -filter {name =~ "microblaze*#0" && bscan=="USER2"  && jtag_cable_name =~ "Digilent Nexys A7 -100T 210292B17C6DA"} -index 0
con
----------------End of Script----------------

10:15:14 INFO  : Launch script is exported to file 'C:\Users\Administrator\Documents\project_10blaze\project_10blaze.sdk\.sdk\launch_scripts\xilinx_c-c++_application_(system_debugger)\system_debugger_using_debug_microblazehello.elf_on_local.tcl'
10:22:21 INFO  : Disconnected from the channel tcfchan#10.
10:22:22 INFO  : 'targets -set -filter {jtag_cable_name =~ "Digilent Nexys A7 -100T 210292B17C6DA" && level==0} -index 0' command is executed.
10:22:22 INFO  : 'fpga -state' command is executed.
10:22:22 INFO  : Connected to target on host '127.0.0.1' and port '3121'.
10:22:22 INFO  : Jtag cable 'Digilent Nexys A7 -100T 210292B17C6DA' is selected.
10:22:22 INFO  : 'jtag frequency' command is executed.
10:22:22 INFO  : 'configparams mdm-detect-bscan-mask 2' command is executed.
10:22:22 INFO  : Context for processor 'microblaze_0' is selected.
10:22:22 INFO  : Processor reset is completed for 'microblaze_0'.
10:22:22 INFO  : Context for processor 'microblaze_0' is selected.
10:22:23 INFO  : The application 'C:/Users/Administrator/Documents/project_10blaze/project_10blaze.sdk/microblazehello/Debug/microblazehello.elf' is downloaded to processor 'microblaze_0'.
10:22:23 INFO  : ----------------XSDB Script----------------
connect -url tcp:127.0.0.1:3121
configparams mdm-detect-bscan-mask 2
targets -set -nocase -filter {name =~ "microblaze*#0" && bscan=="USER2"  && jtag_cable_name =~ "Digilent Nexys A7 -100T 210292B17C6DA"} -index 0
rst -processor
targets -set -nocase -filter {name =~ "microblaze*#0" && bscan=="USER2"  && jtag_cable_name =~ "Digilent Nexys A7 -100T 210292B17C6DA"} -index 0
dow C:/Users/Administrator/Documents/project_10blaze/project_10blaze.sdk/microblazehello/Debug/microblazehello.elf
----------------End of Script----------------

10:22:23 INFO  : Memory regions updated for context PA
10:22:23 INFO  : Memory regions updated for context MicroBlaze Debug Module at USER2
10:22:23 INFO  : Context for processor 'microblaze_0' is selected.
10:22:23 INFO  : 'con' command is executed.
10:22:23 INFO  : ----------------XSDB Script (After Launch)----------------
targets -set -nocase -filter {name =~ "microblaze*#0" && bscan=="USER2"  && jtag_cable_name =~ "Digilent Nexys A7 -100T 210292B17C6DA"} -index 0
con
----------------End of Script----------------

10:22:23 INFO  : Launch script is exported to file 'C:\Users\Administrator\Documents\project_10blaze\project_10blaze.sdk\.sdk\launch_scripts\xilinx_c-c++_application_(system_debugger)\system_debugger_using_debug_microblazehello.elf_on_local.tcl'
10:22:54 INFO  : Disconnected from the channel tcfchan#11.
10:22:56 INFO  : 'targets -set -filter {jtag_cable_name =~ "Digilent Nexys A7 -100T 210292B17C6DA" && level==0} -index 0' command is executed.
10:22:56 INFO  : 'fpga -state' command is executed.
10:22:56 INFO  : Connected to target on host '127.0.0.1' and port '3121'.
10:22:56 INFO  : Jtag cable 'Digilent Nexys A7 -100T 210292B17C6DA' is selected.
10:22:56 INFO  : 'jtag frequency' command is executed.
10:22:56 INFO  : 'configparams mdm-detect-bscan-mask 2' command is executed.
10:22:56 INFO  : Context for processor 'microblaze_0' is selected.
10:22:56 INFO  : Processor reset is completed for 'microblaze_0'.
10:22:56 INFO  : Context for processor 'microblaze_0' is selected.
10:22:56 INFO  : The application 'C:/Users/Administrator/Documents/project_10blaze/project_10blaze.sdk/microblazehello/Debug/microblazehello.elf' is downloaded to processor 'microblaze_0'.
10:22:56 INFO  : ----------------XSDB Script----------------
connect -url tcp:127.0.0.1:3121
configparams mdm-detect-bscan-mask 2
targets -set -nocase -filter {name =~ "microblaze*#0" && bscan=="USER2"  && jtag_cable_name =~ "Digilent Nexys A7 -100T 210292B17C6DA"} -index 0
rst -processor
targets -set -nocase -filter {name =~ "microblaze*#0" && bscan=="USER2"  && jtag_cable_name =~ "Digilent Nexys A7 -100T 210292B17C6DA"} -index 0
dow C:/Users/Administrator/Documents/project_10blaze/project_10blaze.sdk/microblazehello/Debug/microblazehello.elf
----------------End of Script----------------

10:22:56 INFO  : Memory regions updated for context PA
10:22:56 INFO  : Memory regions updated for context MicroBlaze Debug Module at USER2
10:22:56 INFO  : Context for processor 'microblaze_0' is selected.
10:22:56 INFO  : 'con' command is executed.
10:22:56 INFO  : ----------------XSDB Script (After Launch)----------------
targets -set -nocase -filter {name =~ "microblaze*#0" && bscan=="USER2"  && jtag_cable_name =~ "Digilent Nexys A7 -100T 210292B17C6DA"} -index 0
con
----------------End of Script----------------

10:22:56 INFO  : Launch script is exported to file 'C:\Users\Administrator\Documents\project_10blaze\project_10blaze.sdk\.sdk\launch_scripts\xilinx_c-c++_application_(system_debugger)\system_debugger_using_debug_microblazehello.elf_on_local.tcl'
10:23:19 INFO  : Disconnected from the channel tcfchan#12.
10:23:21 INFO  : 'targets -set -filter {jtag_cable_name =~ "Digilent Nexys A7 -100T 210292B17C6DA" && level==0} -index 0' command is executed.
10:23:21 INFO  : 'fpga -state' command is executed.
10:23:21 INFO  : Connected to target on host '127.0.0.1' and port '3121'.
10:23:21 INFO  : Jtag cable 'Digilent Nexys A7 -100T 210292B17C6DA' is selected.
10:23:21 INFO  : 'jtag frequency' command is executed.
10:23:21 INFO  : 'configparams mdm-detect-bscan-mask 2' command is executed.
10:23:21 INFO  : Context for processor 'microblaze_0' is selected.
10:23:21 INFO  : Processor reset is completed for 'microblaze_0'.
10:23:21 INFO  : Context for processor 'microblaze_0' is selected.
10:23:21 INFO  : The application 'C:/Users/Administrator/Documents/project_10blaze/project_10blaze.sdk/microblazehello/Debug/microblazehello.elf' is downloaded to processor 'microblaze_0'.
10:23:21 INFO  : ----------------XSDB Script----------------
connect -url tcp:127.0.0.1:3121
configparams mdm-detect-bscan-mask 2
targets -set -nocase -filter {name =~ "microblaze*#0" && bscan=="USER2"  && jtag_cable_name =~ "Digilent Nexys A7 -100T 210292B17C6DA"} -index 0
rst -processor
targets -set -nocase -filter {name =~ "microblaze*#0" && bscan=="USER2"  && jtag_cable_name =~ "Digilent Nexys A7 -100T 210292B17C6DA"} -index 0
dow C:/Users/Administrator/Documents/project_10blaze/project_10blaze.sdk/microblazehello/Debug/microblazehello.elf
----------------End of Script----------------

10:23:21 INFO  : Memory regions updated for context PA
10:23:21 INFO  : Memory regions updated for context MicroBlaze Debug Module at USER2
10:23:21 INFO  : Context for processor 'microblaze_0' is selected.
10:23:21 INFO  : 'con' command is executed.
10:23:21 INFO  : ----------------XSDB Script (After Launch)----------------
targets -set -nocase -filter {name =~ "microblaze*#0" && bscan=="USER2"  && jtag_cable_name =~ "Digilent Nexys A7 -100T 210292B17C6DA"} -index 0
con
----------------End of Script----------------

10:23:21 INFO  : Launch script is exported to file 'C:\Users\Administrator\Documents\project_10blaze\project_10blaze.sdk\.sdk\launch_scripts\xilinx_c-c++_application_(system_debugger)\system_debugger_using_debug_microblazehello.elf_on_local.tcl'
10:23:41 INFO  : Disconnected from the channel tcfchan#13.
10:23:43 INFO  : 'targets -set -filter {jtag_cable_name =~ "Digilent Nexys A7 -100T 210292B17C6DA" && level==0} -index 0' command is executed.
10:23:43 INFO  : 'fpga -state' command is executed.
10:23:43 INFO  : Connected to target on host '127.0.0.1' and port '3121'.
10:23:43 INFO  : Jtag cable 'Digilent Nexys A7 -100T 210292B17C6DA' is selected.
10:23:43 INFO  : 'jtag frequency' command is executed.
10:23:43 INFO  : 'configparams mdm-detect-bscan-mask 2' command is executed.
10:23:43 INFO  : Context for processor 'microblaze_0' is selected.
10:23:43 INFO  : Processor reset is completed for 'microblaze_0'.
10:23:43 INFO  : Context for processor 'microblaze_0' is selected.
10:23:43 INFO  : The application 'C:/Users/Administrator/Documents/project_10blaze/project_10blaze.sdk/microblazehello/Debug/microblazehello.elf' is downloaded to processor 'microblaze_0'.
10:23:43 INFO  : ----------------XSDB Script----------------
connect -url tcp:127.0.0.1:3121
configparams mdm-detect-bscan-mask 2
targets -set -nocase -filter {name =~ "microblaze*#0" && bscan=="USER2"  && jtag_cable_name =~ "Digilent Nexys A7 -100T 210292B17C6DA"} -index 0
rst -processor
targets -set -nocase -filter {name =~ "microblaze*#0" && bscan=="USER2"  && jtag_cable_name =~ "Digilent Nexys A7 -100T 210292B17C6DA"} -index 0
dow C:/Users/Administrator/Documents/project_10blaze/project_10blaze.sdk/microblazehello/Debug/microblazehello.elf
----------------End of Script----------------

10:23:43 INFO  : Memory regions updated for context PA
10:23:43 INFO  : Memory regions updated for context MicroBlaze Debug Module at USER2
10:23:43 INFO  : Context for processor 'microblaze_0' is selected.
10:23:43 INFO  : 'con' command is executed.
10:23:43 INFO  : ----------------XSDB Script (After Launch)----------------
targets -set -nocase -filter {name =~ "microblaze*#0" && bscan=="USER2"  && jtag_cable_name =~ "Digilent Nexys A7 -100T 210292B17C6DA"} -index 0
con
----------------End of Script----------------

10:23:43 INFO  : Launch script is exported to file 'C:\Users\Administrator\Documents\project_10blaze\project_10blaze.sdk\.sdk\launch_scripts\xilinx_c-c++_application_(system_debugger)\system_debugger_using_debug_microblazehello.elf_on_local.tcl'
10:24:18 INFO  : Disconnected from the channel tcfchan#14.
10:24:19 INFO  : 'targets -set -filter {jtag_cable_name =~ "Digilent Nexys A7 -100T 210292B17C6DA" && level==0} -index 0' command is executed.
10:24:19 INFO  : 'fpga -state' command is executed.
10:24:19 INFO  : Connected to target on host '127.0.0.1' and port '3121'.
10:24:20 INFO  : Jtag cable 'Digilent Nexys A7 -100T 210292B17C6DA' is selected.
10:24:20 INFO  : 'jtag frequency' command is executed.
10:24:20 INFO  : 'configparams mdm-detect-bscan-mask 2' command is executed.
10:24:20 INFO  : Context for processor 'microblaze_0' is selected.
10:24:20 INFO  : Processor reset is completed for 'microblaze_0'.
10:24:20 INFO  : Context for processor 'microblaze_0' is selected.
10:24:20 INFO  : The application 'C:/Users/Administrator/Documents/project_10blaze/project_10blaze.sdk/microblazehello/Debug/microblazehello.elf' is downloaded to processor 'microblaze_0'.
10:24:20 INFO  : ----------------XSDB Script----------------
connect -url tcp:127.0.0.1:3121
configparams mdm-detect-bscan-mask 2
targets -set -nocase -filter {name =~ "microblaze*#0" && bscan=="USER2"  && jtag_cable_name =~ "Digilent Nexys A7 -100T 210292B17C6DA"} -index 0
rst -processor
targets -set -nocase -filter {name =~ "microblaze*#0" && bscan=="USER2"  && jtag_cable_name =~ "Digilent Nexys A7 -100T 210292B17C6DA"} -index 0
dow C:/Users/Administrator/Documents/project_10blaze/project_10blaze.sdk/microblazehello/Debug/microblazehello.elf
----------------End of Script----------------

10:24:20 INFO  : Memory regions updated for context PA
10:24:20 INFO  : Memory regions updated for context MicroBlaze Debug Module at USER2
10:24:20 INFO  : Context for processor 'microblaze_0' is selected.
10:24:20 INFO  : 'con' command is executed.
10:24:20 INFO  : ----------------XSDB Script (After Launch)----------------
targets -set -nocase -filter {name =~ "microblaze*#0" && bscan=="USER2"  && jtag_cable_name =~ "Digilent Nexys A7 -100T 210292B17C6DA"} -index 0
con
----------------End of Script----------------

10:24:20 INFO  : Launch script is exported to file 'C:\Users\Administrator\Documents\project_10blaze\project_10blaze.sdk\.sdk\launch_scripts\xilinx_c-c++_application_(system_debugger)\system_debugger_using_debug_microblazehello.elf_on_local.tcl'
10:25:24 INFO  : Disconnected from the channel tcfchan#15.
10:25:25 INFO  : 'targets -set -filter {jtag_cable_name =~ "Digilent Nexys A7 -100T 210292B17C6DA" && level==0} -index 0' command is executed.
10:25:25 INFO  : 'fpga -state' command is executed.
10:25:25 INFO  : Connected to target on host '127.0.0.1' and port '3121'.
10:25:25 INFO  : Jtag cable 'Digilent Nexys A7 -100T 210292B17C6DA' is selected.
10:25:25 INFO  : 'jtag frequency' command is executed.
10:25:25 INFO  : 'configparams mdm-detect-bscan-mask 2' command is executed.
10:25:26 INFO  : Context for processor 'microblaze_0' is selected.
10:25:26 INFO  : Processor reset is completed for 'microblaze_0'.
10:25:26 INFO  : Context for processor 'microblaze_0' is selected.
10:25:26 INFO  : The application 'C:/Users/Administrator/Documents/project_10blaze/project_10blaze.sdk/microblazehello/Debug/microblazehello.elf' is downloaded to processor 'microblaze_0'.
10:25:26 INFO  : ----------------XSDB Script----------------
connect -url tcp:127.0.0.1:3121
configparams mdm-detect-bscan-mask 2
targets -set -nocase -filter {name =~ "microblaze*#0" && bscan=="USER2"  && jtag_cable_name =~ "Digilent Nexys A7 -100T 210292B17C6DA"} -index 0
rst -processor
targets -set -nocase -filter {name =~ "microblaze*#0" && bscan=="USER2"  && jtag_cable_name =~ "Digilent Nexys A7 -100T 210292B17C6DA"} -index 0
dow C:/Users/Administrator/Documents/project_10blaze/project_10blaze.sdk/microblazehello/Debug/microblazehello.elf
----------------End of Script----------------

10:25:26 INFO  : Memory regions updated for context PA
10:25:26 INFO  : Memory regions updated for context MicroBlaze Debug Module at USER2
10:25:26 INFO  : Context for processor 'microblaze_0' is selected.
10:25:26 INFO  : 'con' command is executed.
10:25:26 INFO  : ----------------XSDB Script (After Launch)----------------
targets -set -nocase -filter {name =~ "microblaze*#0" && bscan=="USER2"  && jtag_cable_name =~ "Digilent Nexys A7 -100T 210292B17C6DA"} -index 0
con
----------------End of Script----------------

10:25:26 INFO  : Launch script is exported to file 'C:\Users\Administrator\Documents\project_10blaze\project_10blaze.sdk\.sdk\launch_scripts\xilinx_c-c++_application_(system_debugger)\system_debugger_using_debug_microblazehello.elf_on_local.tcl'
10:25:59 INFO  : Disconnected from the channel tcfchan#16.
10:26:00 INFO  : 'targets -set -filter {jtag_cable_name =~ "Digilent Nexys A7 -100T 210292B17C6DA" && level==0} -index 0' command is executed.
10:26:00 INFO  : 'fpga -state' command is executed.
10:26:00 INFO  : Connected to target on host '127.0.0.1' and port '3121'.
10:26:00 INFO  : Jtag cable 'Digilent Nexys A7 -100T 210292B17C6DA' is selected.
10:26:00 INFO  : 'jtag frequency' command is executed.
10:26:00 INFO  : 'configparams mdm-detect-bscan-mask 2' command is executed.
10:26:00 INFO  : Context for processor 'microblaze_0' is selected.
10:26:00 INFO  : Processor reset is completed for 'microblaze_0'.
10:26:00 INFO  : Context for processor 'microblaze_0' is selected.
10:26:00 INFO  : The application 'C:/Users/Administrator/Documents/project_10blaze/project_10blaze.sdk/microblazehello/Debug/microblazehello.elf' is downloaded to processor 'microblaze_0'.
10:26:00 INFO  : ----------------XSDB Script----------------
connect -url tcp:127.0.0.1:3121
configparams mdm-detect-bscan-mask 2
targets -set -nocase -filter {name =~ "microblaze*#0" && bscan=="USER2"  && jtag_cable_name =~ "Digilent Nexys A7 -100T 210292B17C6DA"} -index 0
rst -processor
targets -set -nocase -filter {name =~ "microblaze*#0" && bscan=="USER2"  && jtag_cable_name =~ "Digilent Nexys A7 -100T 210292B17C6DA"} -index 0
dow C:/Users/Administrator/Documents/project_10blaze/project_10blaze.sdk/microblazehello/Debug/microblazehello.elf
----------------End of Script----------------

10:26:00 INFO  : Memory regions updated for context PA
10:26:00 INFO  : Memory regions updated for context MicroBlaze Debug Module at USER2
10:26:00 INFO  : Context for processor 'microblaze_0' is selected.
10:26:00 INFO  : 'con' command is executed.
10:26:00 INFO  : ----------------XSDB Script (After Launch)----------------
targets -set -nocase -filter {name =~ "microblaze*#0" && bscan=="USER2"  && jtag_cable_name =~ "Digilent Nexys A7 -100T 210292B17C6DA"} -index 0
con
----------------End of Script----------------

10:26:00 INFO  : Launch script is exported to file 'C:\Users\Administrator\Documents\project_10blaze\project_10blaze.sdk\.sdk\launch_scripts\xilinx_c-c++_application_(system_debugger)\system_debugger_using_debug_microblazehello.elf_on_local.tcl'
10:28:42 INFO  : Disconnected from the channel tcfchan#17.
10:28:44 INFO  : 'targets -set -filter {jtag_cable_name =~ "Digilent Nexys A7 -100T 210292B17C6DA" && level==0} -index 0' command is executed.
10:28:44 INFO  : 'fpga -state' command is executed.
10:28:44 INFO  : Connected to target on host '127.0.0.1' and port '3121'.
10:28:44 INFO  : Jtag cable 'Digilent Nexys A7 -100T 210292B17C6DA' is selected.
10:28:44 INFO  : 'jtag frequency' command is executed.
10:28:44 INFO  : 'configparams mdm-detect-bscan-mask 2' command is executed.
10:28:44 INFO  : Context for processor 'microblaze_0' is selected.
10:28:44 INFO  : Processor reset is completed for 'microblaze_0'.
10:28:44 INFO  : Context for processor 'microblaze_0' is selected.
10:28:44 INFO  : The application 'C:/Users/Administrator/Documents/project_10blaze/project_10blaze.sdk/microblazehello/Debug/microblazehello.elf' is downloaded to processor 'microblaze_0'.
10:28:44 INFO  : ----------------XSDB Script----------------
connect -url tcp:127.0.0.1:3121
configparams mdm-detect-bscan-mask 2
targets -set -nocase -filter {name =~ "microblaze*#0" && bscan=="USER2"  && jtag_cable_name =~ "Digilent Nexys A7 -100T 210292B17C6DA"} -index 0
rst -processor
targets -set -nocase -filter {name =~ "microblaze*#0" && bscan=="USER2"  && jtag_cable_name =~ "Digilent Nexys A7 -100T 210292B17C6DA"} -index 0
dow C:/Users/Administrator/Documents/project_10blaze/project_10blaze.sdk/microblazehello/Debug/microblazehello.elf
----------------End of Script----------------

10:28:44 INFO  : Memory regions updated for context PA
10:28:44 INFO  : Memory regions updated for context MicroBlaze Debug Module at USER2
10:28:44 INFO  : Context for processor 'microblaze_0' is selected.
10:28:44 INFO  : 'con' command is executed.
10:28:44 INFO  : ----------------XSDB Script (After Launch)----------------
targets -set -nocase -filter {name =~ "microblaze*#0" && bscan=="USER2"  && jtag_cable_name =~ "Digilent Nexys A7 -100T 210292B17C6DA"} -index 0
con
----------------End of Script----------------

10:28:44 INFO  : Launch script is exported to file 'C:\Users\Administrator\Documents\project_10blaze\project_10blaze.sdk\.sdk\launch_scripts\xilinx_c-c++_application_(system_debugger)\system_debugger_using_debug_microblazehello.elf_on_local.tcl'
10:29:01 INFO  : Disconnected from the channel tcfchan#18.
10:29:02 INFO  : 'targets -set -filter {jtag_cable_name =~ "Digilent Nexys A7 -100T 210292B17C6DA" && level==0} -index 0' command is executed.
10:29:02 INFO  : 'fpga -state' command is executed.
10:29:02 INFO  : Connected to target on host '127.0.0.1' and port '3121'.
10:29:03 INFO  : Jtag cable 'Digilent Nexys A7 -100T 210292B17C6DA' is selected.
10:29:03 INFO  : 'jtag frequency' command is executed.
10:29:03 INFO  : 'configparams mdm-detect-bscan-mask 2' command is executed.
10:29:03 INFO  : Context for processor 'microblaze_0' is selected.
10:29:03 INFO  : Processor reset is completed for 'microblaze_0'.
10:29:03 INFO  : Context for processor 'microblaze_0' is selected.
10:29:03 INFO  : The application 'C:/Users/Administrator/Documents/project_10blaze/project_10blaze.sdk/microblazehello/Debug/microblazehello.elf' is downloaded to processor 'microblaze_0'.
10:29:03 INFO  : ----------------XSDB Script----------------
connect -url tcp:127.0.0.1:3121
configparams mdm-detect-bscan-mask 2
targets -set -nocase -filter {name =~ "microblaze*#0" && bscan=="USER2"  && jtag_cable_name =~ "Digilent Nexys A7 -100T 210292B17C6DA"} -index 0
rst -processor
targets -set -nocase -filter {name =~ "microblaze*#0" && bscan=="USER2"  && jtag_cable_name =~ "Digilent Nexys A7 -100T 210292B17C6DA"} -index 0
dow C:/Users/Administrator/Documents/project_10blaze/project_10blaze.sdk/microblazehello/Debug/microblazehello.elf
----------------End of Script----------------

10:29:03 INFO  : Memory regions updated for context PA
10:29:03 INFO  : Memory regions updated for context MicroBlaze Debug Module at USER2
10:29:03 INFO  : Context for processor 'microblaze_0' is selected.
10:29:03 INFO  : 'con' command is executed.
10:29:03 INFO  : ----------------XSDB Script (After Launch)----------------
targets -set -nocase -filter {name =~ "microblaze*#0" && bscan=="USER2"  && jtag_cable_name =~ "Digilent Nexys A7 -100T 210292B17C6DA"} -index 0
con
----------------End of Script----------------

10:29:03 INFO  : Launch script is exported to file 'C:\Users\Administrator\Documents\project_10blaze\project_10blaze.sdk\.sdk\launch_scripts\xilinx_c-c++_application_(system_debugger)\system_debugger_using_debug_microblazehello.elf_on_local.tcl'
10:30:42 INFO  : Disconnected from the channel tcfchan#19.
10:30:43 INFO  : 'targets -set -filter {jtag_cable_name =~ "Digilent Nexys A7 -100T 210292B17C6DA" && level==0} -index 0' command is executed.
10:30:43 INFO  : 'fpga -state' command is executed.
10:30:43 INFO  : Connected to target on host '127.0.0.1' and port '3121'.
10:30:43 INFO  : Jtag cable 'Digilent Nexys A7 -100T 210292B17C6DA' is selected.
10:30:43 INFO  : 'jtag frequency' command is executed.
10:30:43 INFO  : 'configparams mdm-detect-bscan-mask 2' command is executed.
10:30:43 INFO  : Context for processor 'microblaze_0' is selected.
10:30:43 INFO  : Processor reset is completed for 'microblaze_0'.
10:30:43 INFO  : Context for processor 'microblaze_0' is selected.
10:30:43 INFO  : The application 'C:/Users/Administrator/Documents/project_10blaze/project_10blaze.sdk/microblazehello/Debug/microblazehello.elf' is downloaded to processor 'microblaze_0'.
10:30:43 INFO  : ----------------XSDB Script----------------
connect -url tcp:127.0.0.1:3121
configparams mdm-detect-bscan-mask 2
targets -set -nocase -filter {name =~ "microblaze*#0" && bscan=="USER2"  && jtag_cable_name =~ "Digilent Nexys A7 -100T 210292B17C6DA"} -index 0
rst -processor
targets -set -nocase -filter {name =~ "microblaze*#0" && bscan=="USER2"  && jtag_cable_name =~ "Digilent Nexys A7 -100T 210292B17C6DA"} -index 0
dow C:/Users/Administrator/Documents/project_10blaze/project_10blaze.sdk/microblazehello/Debug/microblazehello.elf
----------------End of Script----------------

10:30:43 INFO  : Memory regions updated for context PA
10:30:43 INFO  : Memory regions updated for context MicroBlaze Debug Module at USER2
10:30:44 INFO  : Context for processor 'microblaze_0' is selected.
10:30:44 INFO  : 'con' command is executed.
10:30:44 INFO  : ----------------XSDB Script (After Launch)----------------
targets -set -nocase -filter {name =~ "microblaze*#0" && bscan=="USER2"  && jtag_cable_name =~ "Digilent Nexys A7 -100T 210292B17C6DA"} -index 0
con
----------------End of Script----------------

10:30:44 INFO  : Launch script is exported to file 'C:\Users\Administrator\Documents\project_10blaze\project_10blaze.sdk\.sdk\launch_scripts\xilinx_c-c++_application_(system_debugger)\system_debugger_using_debug_microblazehello.elf_on_local.tcl'
11:02:57 INFO  : Disconnected from the channel tcfchan#20.
11:02:58 INFO  : 'targets -set -filter {jtag_cable_name =~ "Digilent Nexys A7 -100T 210292B17C6DA" && level==0} -index 0' command is executed.
11:02:58 INFO  : 'fpga -state' command is executed.
11:02:58 INFO  : Connected to target on host '127.0.0.1' and port '3121'.
11:02:58 INFO  : Jtag cable 'Digilent Nexys A7 -100T 210292B17C6DA' is selected.
11:02:58 INFO  : 'jtag frequency' command is executed.
11:02:58 INFO  : 'configparams mdm-detect-bscan-mask 2' command is executed.
11:02:58 INFO  : Context for processor 'microblaze_0' is selected.
11:02:58 INFO  : Processor reset is completed for 'microblaze_0'.
11:02:58 INFO  : Context for processor 'microblaze_0' is selected.
11:02:58 INFO  : The application 'C:/Users/Administrator/Documents/project_10blaze/project_10blaze.sdk/microblazehello/Debug/microblazehello.elf' is downloaded to processor 'microblaze_0'.
11:02:58 INFO  : ----------------XSDB Script----------------
connect -url tcp:127.0.0.1:3121
configparams mdm-detect-bscan-mask 2
targets -set -nocase -filter {name =~ "microblaze*#0" && bscan=="USER2"  && jtag_cable_name =~ "Digilent Nexys A7 -100T 210292B17C6DA"} -index 0
rst -processor
targets -set -nocase -filter {name =~ "microblaze*#0" && bscan=="USER2"  && jtag_cable_name =~ "Digilent Nexys A7 -100T 210292B17C6DA"} -index 0
dow C:/Users/Administrator/Documents/project_10blaze/project_10blaze.sdk/microblazehello/Debug/microblazehello.elf
----------------End of Script----------------

11:02:58 INFO  : Memory regions updated for context PA
11:02:58 INFO  : Memory regions updated for context MicroBlaze Debug Module at USER2
11:02:58 INFO  : Context for processor 'microblaze_0' is selected.
11:02:58 INFO  : 'con' command is executed.
11:02:58 INFO  : ----------------XSDB Script (After Launch)----------------
targets -set -nocase -filter {name =~ "microblaze*#0" && bscan=="USER2"  && jtag_cable_name =~ "Digilent Nexys A7 -100T 210292B17C6DA"} -index 0
con
----------------End of Script----------------

11:02:58 INFO  : Launch script is exported to file 'C:\Users\Administrator\Documents\project_10blaze\project_10blaze.sdk\.sdk\launch_scripts\xilinx_c-c++_application_(system_debugger)\system_debugger_using_debug_microblazehello.elf_on_local.tcl'
11:03:25 INFO  : Disconnected from the channel tcfchan#21.
11:03:26 INFO  : 'targets -set -filter {jtag_cable_name =~ "Digilent Nexys A7 -100T 210292B17C6DA" && level==0} -index 0' command is executed.
11:03:26 INFO  : 'fpga -state' command is executed.
11:03:26 INFO  : Connected to target on host '127.0.0.1' and port '3121'.
11:03:26 INFO  : Jtag cable 'Digilent Nexys A7 -100T 210292B17C6DA' is selected.
11:03:26 INFO  : 'jtag frequency' command is executed.
11:03:26 INFO  : 'configparams mdm-detect-bscan-mask 2' command is executed.
11:03:26 INFO  : Context for processor 'microblaze_0' is selected.
11:03:26 INFO  : Processor reset is completed for 'microblaze_0'.
11:03:26 INFO  : Context for processor 'microblaze_0' is selected.
11:03:26 INFO  : The application 'C:/Users/Administrator/Documents/project_10blaze/project_10blaze.sdk/microblazehello/Debug/microblazehello.elf' is downloaded to processor 'microblaze_0'.
11:03:26 INFO  : ----------------XSDB Script----------------
connect -url tcp:127.0.0.1:3121
configparams mdm-detect-bscan-mask 2
targets -set -nocase -filter {name =~ "microblaze*#0" && bscan=="USER2"  && jtag_cable_name =~ "Digilent Nexys A7 -100T 210292B17C6DA"} -index 0
rst -processor
targets -set -nocase -filter {name =~ "microblaze*#0" && bscan=="USER2"  && jtag_cable_name =~ "Digilent Nexys A7 -100T 210292B17C6DA"} -index 0
dow C:/Users/Administrator/Documents/project_10blaze/project_10blaze.sdk/microblazehello/Debug/microblazehello.elf
----------------End of Script----------------

11:03:26 INFO  : Memory regions updated for context PA
11:03:26 INFO  : Memory regions updated for context MicroBlaze Debug Module at USER2
11:03:26 INFO  : Context for processor 'microblaze_0' is selected.
11:03:26 INFO  : 'con' command is executed.
11:03:26 INFO  : ----------------XSDB Script (After Launch)----------------
targets -set -nocase -filter {name =~ "microblaze*#0" && bscan=="USER2"  && jtag_cable_name =~ "Digilent Nexys A7 -100T 210292B17C6DA"} -index 0
con
----------------End of Script----------------

11:03:26 INFO  : Launch script is exported to file 'C:\Users\Administrator\Documents\project_10blaze\project_10blaze.sdk\.sdk\launch_scripts\xilinx_c-c++_application_(system_debugger)\system_debugger_using_debug_microblazehello.elf_on_local.tcl'
11:03:39 INFO  : Disconnected from the channel tcfchan#22.
11:03:40 INFO  : 'targets -set -filter {jtag_cable_name =~ "Digilent Nexys A7 -100T 210292B17C6DA" && level==0} -index 0' command is executed.
11:03:40 INFO  : 'fpga -state' command is executed.
11:03:40 INFO  : Connected to target on host '127.0.0.1' and port '3121'.
11:03:40 INFO  : Jtag cable 'Digilent Nexys A7 -100T 210292B17C6DA' is selected.
11:03:40 INFO  : 'jtag frequency' command is executed.
11:03:40 INFO  : 'configparams mdm-detect-bscan-mask 2' command is executed.
11:03:40 INFO  : Context for processor 'microblaze_0' is selected.
11:03:40 INFO  : Processor reset is completed for 'microblaze_0'.
11:03:40 INFO  : Context for processor 'microblaze_0' is selected.
11:03:40 INFO  : The application 'C:/Users/Administrator/Documents/project_10blaze/project_10blaze.sdk/microblazehello/Debug/microblazehello.elf' is downloaded to processor 'microblaze_0'.
11:03:40 INFO  : ----------------XSDB Script----------------
connect -url tcp:127.0.0.1:3121
configparams mdm-detect-bscan-mask 2
targets -set -nocase -filter {name =~ "microblaze*#0" && bscan=="USER2"  && jtag_cable_name =~ "Digilent Nexys A7 -100T 210292B17C6DA"} -index 0
rst -processor
targets -set -nocase -filter {name =~ "microblaze*#0" && bscan=="USER2"  && jtag_cable_name =~ "Digilent Nexys A7 -100T 210292B17C6DA"} -index 0
dow C:/Users/Administrator/Documents/project_10blaze/project_10blaze.sdk/microblazehello/Debug/microblazehello.elf
----------------End of Script----------------

11:03:41 INFO  : Memory regions updated for context PA
11:03:41 INFO  : Memory regions updated for context MicroBlaze Debug Module at USER2
11:03:41 INFO  : Context for processor 'microblaze_0' is selected.
11:03:41 INFO  : 'con' command is executed.
11:03:41 INFO  : ----------------XSDB Script (After Launch)----------------
targets -set -nocase -filter {name =~ "microblaze*#0" && bscan=="USER2"  && jtag_cable_name =~ "Digilent Nexys A7 -100T 210292B17C6DA"} -index 0
con
----------------End of Script----------------

11:03:41 INFO  : Launch script is exported to file 'C:\Users\Administrator\Documents\project_10blaze\project_10blaze.sdk\.sdk\launch_scripts\xilinx_c-c++_application_(system_debugger)\system_debugger_using_debug_microblazehello.elf_on_local.tcl'
11:08:10 INFO  : Registering command handlers for SDK TCF services
11:08:11 INFO  : Launching XSCT server: xsct.bat -interactive C:\Users\Administrator\Documents\project_10blaze\project_10blaze.sdk\temp_xsdb_launch_script.tcl
11:08:14 INFO  : XSCT server has started successfully.
11:08:14 INFO  : Successfully done setting XSCT server connection channel  
11:08:17 INFO  : Successfully done setting SDK workspace  
11:08:17 INFO  : Processing command line option -hwspec C:/Users/Administrator/Documents/project_10blaze/project_10blaze.sdk/microblazeblock_wrapper.hdf.
11:08:17 INFO  : Checking for hwspec changes in the project microblazeblock_wrapper_hw_platform_0.
11:31:12 INFO  : Connected to target on host '127.0.0.1' and port '3121'.
11:31:13 INFO  : 'targets -set -filter {jtag_cable_name =~ "Digilent Nexys A7 -100T 210292B17C6DA" && level==0} -index 0' command is executed.
11:31:15 INFO  : FPGA configured successfully with bitstream "C:/Users/Administrator/Documents/project_10blaze/project_10blaze.sdk/microblazeblock_wrapper_hw_platform_0/download.bit"
11:31:32 INFO  : 'targets -set -filter {jtag_cable_name =~ "Digilent Nexys A7 -100T 210292B17C6DA" && level==0} -index 0' command is executed.
11:31:32 INFO  : 'fpga -state' command is executed.
11:31:32 INFO  : Connected to target on host '127.0.0.1' and port '3121'.
11:31:32 INFO  : Jtag cable 'Digilent Nexys A7 -100T 210292B17C6DA' is selected.
11:31:32 INFO  : 'jtag frequency' command is executed.
11:31:32 INFO  : 'configparams mdm-detect-bscan-mask 2' command is executed.
11:31:32 INFO  : Context for processor 'microblaze_0' is selected.
11:31:32 INFO  : Processor reset is completed for 'microblaze_0'.
11:31:32 INFO  : Context for processor 'microblaze_0' is selected.
11:31:32 INFO  : The application 'C:/Users/Administrator/Documents/project_10blaze/project_10blaze.sdk/microblazehello/Debug/microblazehello.elf' is downloaded to processor 'microblaze_0'.
11:31:32 INFO  : ----------------XSDB Script----------------
connect -url tcp:127.0.0.1:3121
configparams mdm-detect-bscan-mask 2
targets -set -nocase -filter {name =~ "microblaze*#0" && bscan=="USER2"  && jtag_cable_name =~ "Digilent Nexys A7 -100T 210292B17C6DA"} -index 0
rst -processor
targets -set -nocase -filter {name =~ "microblaze*#0" && bscan=="USER2"  && jtag_cable_name =~ "Digilent Nexys A7 -100T 210292B17C6DA"} -index 0
dow C:/Users/Administrator/Documents/project_10blaze/project_10blaze.sdk/microblazehello/Debug/microblazehello.elf
----------------End of Script----------------

11:31:32 INFO  : Memory regions updated for context PA
11:31:32 INFO  : Memory regions updated for context MicroBlaze Debug Module at USER2
11:31:32 INFO  : Context for processor 'microblaze_0' is selected.
11:31:32 INFO  : 'con' command is executed.
11:31:32 INFO  : ----------------XSDB Script (After Launch)----------------
targets -set -nocase -filter {name =~ "microblaze*#0" && bscan=="USER2"  && jtag_cable_name =~ "Digilent Nexys A7 -100T 210292B17C6DA"} -index 0
con
----------------End of Script----------------

11:31:32 INFO  : Launch script is exported to file 'C:\Users\Administrator\Documents\project_10blaze\project_10blaze.sdk\.sdk\launch_scripts\xilinx_c-c++_application_(system_debugger)\system_debugger_using_debug_microblazehello.elf_on_local.tcl'
