#-----------------------------------------------------------
# Webtalk v2018.2 (64-bit)
# SW Build 2258646 on Thu Jun 14 20:03:12 MDT 2018
# 
# Start of session at: Fri Mar 17 12:17:43 2023
# Process ID: 18376
# Current directory: C:/Users/Administrator/Documents/project_10blaze/project_10blaze.sdk/webtalk
# Command line: wbtcv.exe -mode batch -source sdk_webtalk.tcl
# Log file: C:/Users/Administrator/Documents/project_10blaze/project_10blaze.sdk/webtalk/webtalk.log
# Journal file: C:/Users/Administrator/Documents/project_10blaze/project_10blaze.sdk/webtalk\webtalk.jou
#-----------------------------------------------------------
source sdk_webtalk.tcl
# webtalk_init -webtalk_dir C:\\Users\\Administrator\\Documents\\project_10blaze\\project_10blaze.sdk\\webtalk
# webtalk_register_client -client project
# webtalk_add_data -client project -key date_generated -value "2023-03-17 12:17:41" -context "software_version_and_target_device"
# webtalk_add_data -client project -key product_version -value "SDK v2018.2" -context "software_version_and_target_device"
# webtalk_add_data -client project -key build_version -value "2018.2" -context "software_version_and_target_device"
# webtalk_add_data -client project -key os_platform -value "amd64" -context "software_version_and_target_device"
# webtalk_add_data -client project -key registration_id -value "" -context "software_version_and_target_device"
# webtalk_add_data -client project -key tool_flow -value "SDK" -context "software_version_and_target_device"
# webtalk_add_data -client project -key beta -value "false" -context "software_version_and_target_device"
# webtalk_add_data -client project -key route_design -value "NA" -context "software_version_and_target_device"
# webtalk_add_data -client project -key target_family -value "NA" -context "software_version_and_target_device"
# webtalk_add_data -client project -key target_device -value "NA" -context "software_version_and_target_device"
# webtalk_add_data -client project -key target_package -value "NA" -context "software_version_and_target_device"
# webtalk_add_data -client project -key target_speed -value "NA" -context "software_version_and_target_device"
# webtalk_add_data -client project -key random_id -value "pfg7344s3vp9vga1bqf6ae8ned" -context "software_version_and_target_device"
# webtalk_add_data -client project -key project_id -value "2018.2_5" -context "software_version_and_target_device"
# webtalk_add_data -client project -key project_iteration -value "5" -context "software_version_and_target_device"
# webtalk_add_data -client project -key os_name -value "Microsoft Windows 8 or later , 64-bit" -context "user_environment"
# webtalk_add_data -client project -key os_release -value "major release  (build 9200)" -context "user_environment"
# webtalk_add_data -client project -key cpu_name -value "Intel(R) Core(TM) i7-4790 CPU @ 3.60GHz" -context "user_environment"
# webtalk_add_data -client project -key cpu_speed -value "3592 MHz" -context "user_environment"
# webtalk_add_data -client project -key total_processors -value "1" -context "user_environment"
# webtalk_add_data -client project -key system_ram -value "17.084 GB" -context "user_environment"
# webtalk_register_client -client sdk
# webtalk_add_data -client sdk -key uid -value "1679037015021" -context "sdk\\\\bsp/1679037015021"
# webtalk_add_data -client sdk -key hwid -value "1679036823817" -context "sdk\\\\bsp/1679037015021"
# webtalk_add_data -client sdk -key os -value "standalone" -context "sdk\\\\bsp/1679037015021"
# webtalk_add_data -client sdk -key apptemplate -value "hello_world" -context "sdk\\\\bsp/1679037015021"
# webtalk_add_data -client sdk -key RecordType -value "BSPCreation" -context "sdk\\\\bsp/1679037015021"
# webtalk_add_data -client sdk -key uid -value "1679037018076" -context "sdk\\\\application/1679037018076"
# webtalk_add_data -client sdk -key hwid -value "1679036823817" -context "sdk\\\\application/1679037018076"
# webtalk_add_data -client sdk -key bspid -value "1679037015021" -context "sdk\\\\application/1679037018076"
# webtalk_add_data -client sdk -key newbsp -value "true" -context "sdk\\\\application/1679037018076"
# webtalk_add_data -client sdk -key os -value "standalone" -context "sdk\\\\application/1679037018076"
# webtalk_add_data -client sdk -key apptemplate -value "hello_world" -context "sdk\\\\application/1679037018076"
# webtalk_add_data -client sdk -key RecordType -value "APPCreation" -context "sdk\\\\application/1679037018076"
# webtalk_add_data -client sdk -key LangUsed -value "C" -context "sdk\\\\application/1679037018076"
# webtalk_add_data -client sdk -key Procused -value "microblaze" -context "sdk\\\\application/1679037018076"
# webtalk_add_data -client sdk -key uid -value "NA" -context "sdk\\\\bsp/1679037461942"
# webtalk_add_data -client sdk -key RecordType -value "ToolUsage" -context "sdk\\\\bsp/1679037461942"
# webtalk_add_data -client sdk -key BootgenCount -value "0" -context "sdk\\\\bsp/1679037461942"
# webtalk_add_data -client sdk -key DebugCount -value "0" -context "sdk\\\\bsp/1679037461942"
# webtalk_add_data -client sdk -key PerfCount -value "0" -context "sdk\\\\bsp/1679037461942"
# webtalk_add_data -client sdk -key FlashCount -value "0" -context "sdk\\\\bsp/1679037461942"
# webtalk_add_data -client sdk -key CrossTriggCount -value "0" -context "sdk\\\\bsp/1679037461942"
# webtalk_add_data -client sdk -key QemuDebugCount -value "0" -context "sdk\\\\bsp/1679037461942"
# webtalk_transmit -clientid 4176592590 -regid "" -xml C:\\Users\\Administrator\\Documents\\project_10blaze\\project_10blaze.sdk\\webtalk\\usage_statistics_ext_sdk.xml -html C:\\Users\\Administrator\\Documents\\project_10blaze\\project_10blaze.sdk\\webtalk\\usage_statistics_ext_sdk.html -wdm C:\\Users\\Administrator\\Documents\\project_10blaze\\project_10blaze.sdk\\webtalk\\sdk_webtalk.wdm -intro "<H3>SDK Usage Report</H3><BR>"
# webtalk_terminate
INFO: [Common 17-206] Exiting Webtalk at Fri Mar 17 12:17:44 2023...
